<?xml version="1.0" encoding="UTF-8"?>
<!-- Generated by org.testng.reporters.JUnitReportReporter -->
<testsuite hostname="LAPTOP-DQDC2MAA" failures="0" tests="4" name="Testrunner.DataProvider" time="20.729" errors="0" timestamp="2022-09-09T21:58:28 IST" skipped="0">
  <testcase classname="Testrunner.DataProvider" name="searchHotel" time="5.024"/>
  <system-out/>
  <testcase classname="Testrunner.DataProvider" name="selectHotel" time="5.557"/>
  <system-out/>
  <testcase classname="Testrunner.DataProvider" name="bookAHotel" time="0.611"/>
  <system-out/>
  <testcase classname="Testrunner.DataProvider" name="printOrderNo" time="9.537"/>
  <system-out/>
</testsuite> <!-- Testrunner.DataProvider -->
